14:38:23.085 [main] INFO  c.a.n.c.r.client - [lambda$createClient$0,80] - [RpcClientFactory] create a new rpc client of ae27cf35-f034-4513-a3d4-8f37152725a5_config-0
14:38:23.167 [main] INFO  o.r.Reflections - [scan,232] - Reflections took 45 ms to scan 1 urls, producing 3 keys and 6 values 
14:38:23.203 [main] INFO  o.r.Reflections - [scan,232] - Reflections took 15 ms to scan 1 urls, producing 4 keys and 9 values 
14:38:23.218 [main] INFO  o.r.Reflections - [scan,232] - Reflections took 13 ms to scan 1 urls, producing 3 keys and 10 values 
14:38:23.240 [main] INFO  o.r.Reflections - [scan,232] - Reflections took 20 ms to scan 14 urls, producing 0 keys and 0 values 
14:38:23.252 [main] INFO  o.r.Reflections - [scan,232] - Reflections took 11 ms to scan 1 urls, producing 1 keys and 5 values 
14:38:23.265 [main] INFO  o.r.Reflections - [scan,232] - Reflections took 11 ms to scan 1 urls, producing 1 keys and 7 values 
14:38:23.276 [main] INFO  o.r.Reflections - [scan,232] - Reflections took 8 ms to scan 1 urls, producing 2 keys and 8 values 
14:38:23.291 [main] INFO  o.r.Reflections - [scan,232] - Reflections took 13 ms to scan 14 urls, producing 0 keys and 0 values 
14:38:23.292 [main] INFO  c.a.n.c.r.client - [printIfInfoEnabled,60] - [ae27cf35-f034-4513-a3d4-8f37152725a5_config-0] RpcClient init label, labels = {module=config, Vipserver-Tag=null, source=sdk, Amory-Tag=null, Location-Tag=null, taskId=0, AppName=unknown}
14:38:23.293 [main] INFO  c.a.n.c.r.client - [printIfInfoEnabled,60] - [ae27cf35-f034-4513-a3d4-8f37152725a5_config-0] Register server push request handler:com.alibaba.nacos.client.config.impl.ClientWorker$ConfigRpcTransportClient$$Lambda$345/2130520253
14:38:23.293 [main] INFO  c.a.n.c.r.client - [printIfInfoEnabled,60] - [ae27cf35-f034-4513-a3d4-8f37152725a5_config-0] Register server push request handler:com.alibaba.nacos.client.config.impl.ClientWorker$ConfigRpcTransportClient$$Lambda$346/1730900666
14:38:23.294 [main] INFO  c.a.n.c.r.client - [printIfInfoEnabled,60] - [ae27cf35-f034-4513-a3d4-8f37152725a5_config-0] Registry connection listener to current client:com.alibaba.nacos.client.config.impl.ClientWorker$ConfigRpcTransportClient$1
14:38:23.295 [main] INFO  c.a.n.c.r.client - [printIfInfoEnabled,60] - [ae27cf35-f034-4513-a3d4-8f37152725a5_config-0] RpcClient init, ServerListFactory = com.alibaba.nacos.client.config.impl.ClientWorker$ConfigRpcTransportClient$2
14:38:23.303 [main] INFO  c.a.n.c.r.client - [printIfInfoEnabled,60] - [ae27cf35-f034-4513-a3d4-8f37152725a5_config-0] Try to connect to server on start up, server: {serverIp = '127.0.0.1', server main port = 8848}
14:38:24.361 [main] INFO  c.a.n.c.r.client - [printIfInfoEnabled,60] - [ae27cf35-f034-4513-a3d4-8f37152725a5_config-0] Success to connect to server [127.0.0.1:8848] on start up, connectionId = 1670049504163_127.0.0.1_55040
14:38:24.362 [com.alibaba.nacos.client.remote.worker] INFO  c.a.n.c.r.client - [printIfInfoEnabled,60] - [ae27cf35-f034-4513-a3d4-8f37152725a5_config-0] Notify connected event to listeners.
14:38:24.362 [main] INFO  c.a.n.c.r.client - [printIfInfoEnabled,60] - [ae27cf35-f034-4513-a3d4-8f37152725a5_config-0] Register server push request handler:com.alibaba.nacos.common.remote.client.RpcClient$ConnectResetRequestHandler
14:38:24.362 [main] INFO  c.a.n.c.r.client - [printIfInfoEnabled,60] - [ae27cf35-f034-4513-a3d4-8f37152725a5_config-0] Register server push request handler:com.alibaba.nacos.common.remote.client.RpcClient$$Lambda$355/432112141
14:38:24.465 [main] INFO  c.s.c.TestDemo - [logStartupProfileInfo,640] - The following 1 profile is active: "dev"
14:38:26.545 [main] INFO  c.a.c.s.SentinelWebMvcConfigurer - [addInterceptors,52] - [Sentinel Starter] register SentinelWebInterceptor with urlPatterns: [/**].
14:38:27.079 [main] INFO  c.a.n.c.r.client - [lambda$createClient$0,80] - [RpcClientFactory] create a new rpc client of 4f31fbd3-e50a-4655-9d8a-16e19bb730b3
14:38:27.080 [main] INFO  c.a.n.c.r.client - [printIfInfoEnabled,60] - [4f31fbd3-e50a-4655-9d8a-16e19bb730b3] RpcClient init label, labels = {module=naming, source=sdk}
14:38:27.082 [main] INFO  c.a.n.c.r.client - [printIfInfoEnabled,60] - [4f31fbd3-e50a-4655-9d8a-16e19bb730b3] RpcClient init, ServerListFactory = com.alibaba.nacos.client.naming.core.ServerListManager
14:38:27.083 [main] INFO  c.a.n.c.r.client - [printIfInfoEnabled,60] - [4f31fbd3-e50a-4655-9d8a-16e19bb730b3] Registry connection listener to current client:com.alibaba.nacos.client.naming.remote.gprc.redo.NamingGrpcRedoService
14:38:27.083 [main] INFO  c.a.n.c.r.client - [printIfInfoEnabled,60] - [4f31fbd3-e50a-4655-9d8a-16e19bb730b3] Register server push request handler:com.alibaba.nacos.client.naming.remote.gprc.NamingPushRequestHandler
14:38:27.084 [main] INFO  c.a.n.c.r.client - [printIfInfoEnabled,60] - [4f31fbd3-e50a-4655-9d8a-16e19bb730b3] Try to connect to server on start up, server: {serverIp = '127.0.0.1', server main port = 8848}
14:38:27.199 [main] INFO  c.a.n.c.r.client - [printIfInfoEnabled,60] - [4f31fbd3-e50a-4655-9d8a-16e19bb730b3] Success to connect to server [127.0.0.1:8848] on start up, connectionId = 1670049507092_127.0.0.1_55041
14:38:27.200 [main] INFO  c.a.n.c.r.client - [printIfInfoEnabled,60] - [4f31fbd3-e50a-4655-9d8a-16e19bb730b3] Register server push request handler:com.alibaba.nacos.common.remote.client.RpcClient$ConnectResetRequestHandler
14:38:27.200 [com.alibaba.nacos.client.remote.worker] INFO  c.a.n.c.r.client - [printIfInfoEnabled,60] - [4f31fbd3-e50a-4655-9d8a-16e19bb730b3] Notify connected event to listeners.
14:38:27.200 [main] INFO  c.a.n.c.r.client - [printIfInfoEnabled,60] - [4f31fbd3-e50a-4655-9d8a-16e19bb730b3] Register server push request handler:com.alibaba.nacos.common.remote.client.RpcClient$$Lambda$355/432112141
14:38:28.179 [main] INFO  c.s.c.TestDemo - [logStarted,61] - Started TestDemo in 6.363 seconds (JVM running for 7.739)
14:38:28.217 [main] INFO  c.a.c.n.r.NacosContextRefresher - [registerNacosListenersForApplications,105] - listening config: dataId=the-art-of-java-concurrency-programming.yml, group=DEFAULT_GROUP
14:38:28.218 [main] INFO  c.a.c.n.r.NacosContextRefresher - [registerNacosListenersForApplications,105] - listening config: dataId=the-art-of-java-concurrency-programming-dev.yml, group=DEFAULT_GROUP
14:38:28.219 [main] INFO  c.a.c.n.r.NacosContextRefresher - [registerNacosListenersForApplications,105] - listening config: dataId=the-art-of-java-concurrency-programming, group=DEFAULT_GROUP
14:38:32.936 [nacos-grpc-client-executor-4] INFO  c.a.n.c.r.client - [printIfInfoEnabled,60] - [4f31fbd3-e50a-4655-9d8a-16e19bb730b3] Receive server push request, request = NotifySubscriberRequest, requestId = 1
14:38:32.939 [nacos-grpc-client-executor-4] INFO  c.a.n.c.r.client - [printIfInfoEnabled,60] - [4f31fbd3-e50a-4655-9d8a-16e19bb730b3] Ack server push request, request = NotifySubscriberRequest, requestId = 1
